-------------------------------------------------------------------------------
Test set: com.rest.RecipeControllerIntegrationTest
-------------------------------------------------------------------------------
Tests run: 1, Failures: 0, Errors: 1, Skipped: 0, Time elapsed: 0.035 s <<< FAILURE! - in com.rest.RecipeControllerIntegrationTest
initializationError  Time elapsed: 0.002 s  <<< ERROR!
java.lang.Exception: No runnable methods

