<?xml version="1.0" encoding="UTF-8"?>
<testsuite xmlns:xsi="http://www.w3.org/2001/XMLSchema-instance" xsi:noNamespaceSchemaLocation="https://maven.apache.org/surefire/maven-surefire-plugin/xsd/surefire-test-report.xsd" name="com.rest.CategoryControllerUnitTest" time="0.03" tests="5" errors="0" skipped="0" failures="0">
  <properties>
[...]
</properties>
  <testcase name="createCategoryTest" classname="com.rest.CategoryControllerUnitTest" time="0.002"/>
  <testcase name="deleteCategoryTest" classname="com.rest.CategoryControllerUnitTest" time="0.001"/>
  <testcase name="updateCategoryTest" classname="com.rest.CategoryControllerUnitTest" time="0.002"/>
  <testcase name="findCategoryByIdTest" classname="com.rest.CategoryControllerUnitTest" time="0.002"/>
  <testcase name="getAllCategoryTest" classname="com.rest.CategoryControllerUnitTest" time="0.001"/>
</testsuite>