<?xml version="1.0" encoding="UTF-8"?>
<testsuite xmlns:xsi="http://www.w3.org/2001/XMLSchema-instance" xsi:noNamespaceSchemaLocation="https://maven.apache.org/surefire/maven-surefire-plugin/xsd/surefire-test-report.xsd" name="com.service.IngredientsServiceUnitTest" time="0.262" tests="5" errors="0" skipped="0" failures="0">
  <properties>
[...]
</properties>
  <testcase name="updateIngredientTest" classname="com.service.IngredientsServiceUnitTest" time="0.01"/>
  <testcase name="findIngredientByIdTest" classname="com.service.IngredientsServiceUnitTest" time="0.007"/>
  <testcase name="createIngredientTest" classname="com.service.IngredientsServiceUnitTest" time="0.009"/>
  <testcase name="deleteIngredientTest" classname="com.service.IngredientsServiceUnitTest" time="0.011"/>
  <testcase name="readIngredientsTest" classname="com.service.IngredientsServiceUnitTest" time="0.008"/>
</testsuite>